[debug] [2023-05-07T07:53:15.017Z] ----------------------------------------------------------------------
[debug] [2023-05-07T07:53:15.026Z] Command:       C:\Program Files\nodejs\node.exe C:\Program Files\nodejs\node_modules\firebase-tools\lib\bin\firebase.js init
[debug] [2023-05-07T07:53:15.028Z] CLI Version:   11.30.0
[debug] [2023-05-07T07:53:15.028Z] Platform:      win32
[debug] [2023-05-07T07:53:15.029Z] Node Version:  v20.1.0
[debug] [2023-05-07T07:53:15.029Z] Time:          Sun May 07 2023 13:23:15 GMT+0530 (India Standard Time)
[debug] [2023-05-07T07:53:15.030Z] ----------------------------------------------------------------------
[debug] 
[debug] [2023-05-07T07:53:15.053Z] > command requires scopes: ["email","openid","https://www.googleapis.com/auth/cloudplatformprojects.readonly","https://www.googleapis.com/auth/firebase","https://www.googleapis.com/auth/cloud-platform"]
[debug] [2023-05-07T07:53:15.054Z] > authorizing via signed-in user (sjha82711@gmail.com)
[info] 
     ######## #### ########  ######## ########     ###     ######  ########
     ##        ##  ##     ## ##       ##     ##  ##   ##  ##       ##
     ######    ##  ########  ######   ########  #########  ######  ######
     ##        ##  ##    ##  ##       ##     ## ##     ##       ## ##
     ##       #### ##     ## ######## ########  ##     ##  ######  ########

You're about to initialize a Firebase project in this directory:

  C:\Users\DELL\OneDrive\Desktop\BlogPageProject

[info] 
=== Project Setup
[info] 
[info] First, let's associate this project directory with a Firebase project.
[info] You can create multiple project aliases by running firebase use --add, 
[info] but for now we'll just set up a default project.
[info] 
[info] i  If you want to create a project in a Google Cloud organization or folder, please use "firebase projects:create" instead, and return to this command when you've created the project. 
[debug] [2023-05-07T07:54:19.024Z] > refreshing access token with scopes: []
[debug] [2023-05-07T07:54:19.029Z] >>> [apiv2][query] POST https://www.googleapis.com/oauth2/v3/token [none]
[debug] [2023-05-07T07:54:19.029Z] >>> [apiv2][body] POST https://www.googleapis.com/oauth2/v3/token [omitted]
[debug] [2023-05-07T07:54:19.642Z] <<< [apiv2][status] POST https://www.googleapis.com/oauth2/v3/token 200
[debug] [2023-05-07T07:54:19.642Z] <<< [apiv2][body] POST https://www.googleapis.com/oauth2/v3/token [omitted]
[debug] [2023-05-07T07:54:19.682Z] >>> [apiv2][query] POST https://cloudresourcemanager.googleapis.com/v1/projects [none]
[debug] [2023-05-07T07:54:19.682Z] >>> [apiv2][body] POST https://cloudresourcemanager.googleapis.com/v1/projects {"projectId":"sahil-blogtailwind45","name":"sahil-blogtailwind45"}
[debug] [2023-05-07T07:54:21.171Z] <<< [apiv2][status] POST https://cloudresourcemanager.googleapis.com/v1/projects 200
[debug] [2023-05-07T07:54:21.172Z] <<< [apiv2][body] POST https://cloudresourcemanager.googleapis.com/v1/projects {"name":"operations/cp.7426447491367901775"}
[debug] [2023-05-07T07:54:21.174Z] >>> [apiv2][query] GET https://cloudresourcemanager.googleapis.com/v1/operations/cp.7426447491367901775 [none]
[debug] [2023-05-07T07:54:22.003Z] <<< [apiv2][status] GET https://cloudresourcemanager.googleapis.com/v1/operations/cp.7426447491367901775 200
[debug] [2023-05-07T07:54:22.004Z] <<< [apiv2][body] GET https://cloudresourcemanager.googleapis.com/v1/operations/cp.7426447491367901775 {"name":"operations/cp.7426447491367901775"}
[debug] [2023-05-07T07:54:22.507Z] [Project Creation Poller] Retrying task index 0
[debug] [2023-05-07T07:54:22.508Z] >>> [apiv2][query] GET https://cloudresourcemanager.googleapis.com/v1/operations/cp.7426447491367901775 [none]
[debug] [2023-05-07T07:54:23.170Z] <<< [apiv2][status] GET https://cloudresourcemanager.googleapis.com/v1/operations/cp.7426447491367901775 200
[debug] [2023-05-07T07:54:23.171Z] <<< [apiv2][body] GET https://cloudresourcemanager.googleapis.com/v1/operations/cp.7426447491367901775 {"name":"operations/cp.7426447491367901775"}
[debug] [2023-05-07T07:54:24.173Z] [Project Creation Poller] Retrying task index 0
[debug] [2023-05-07T07:54:24.176Z] >>> [apiv2][query] GET https://cloudresourcemanager.googleapis.com/v1/operations/cp.7426447491367901775 [none]
[debug] [2023-05-07T07:54:24.811Z] <<< [apiv2][status] GET https://cloudresourcemanager.googleapis.com/v1/operations/cp.7426447491367901775 200
[debug] [2023-05-07T07:54:24.811Z] <<< [apiv2][body] GET https://cloudresourcemanager.googleapis.com/v1/operations/cp.7426447491367901775 {"name":"operations/cp.7426447491367901775","metadata":{"@type":"type.googleapis.com/google.cloudresourcemanager.v1.ProjectCreationStatus","gettable":true,"ready":true},"done":true,"response":{"@type":"type.googleapis.com/google.cloudresourcemanager.v1.Project","projectNumber":"284969234152","projectId":"sahil-blogtailwind45","lifecycleState":"ACTIVE","name":"sahil-blogtailwind45","createTime":"2023-05-07T07:54:23.326Z"}}
[debug] [2023-05-07T07:54:24.815Z] >>> [apiv2][query] POST https://firebase.googleapis.com/v1beta1/projects/sahil-blogtailwind45:addFirebase [none]
[debug] [2023-05-07T07:54:26.576Z] <<< [apiv2][status] POST https://firebase.googleapis.com/v1beta1/projects/sahil-blogtailwind45:addFirebase 403
[debug] [2023-05-07T07:54:26.577Z] <<< [apiv2][body] POST https://firebase.googleapis.com/v1beta1/projects/sahil-blogtailwind45:addFirebase {"error":{"code":403,"message":"The caller does not have permission","status":"PERMISSION_DENIED"}}
[debug] [2023-05-07T07:54:26.578Z] HTTP Error: 403, The caller does not have permission
[debug] [2023-05-07T07:54:26.967Z] FirebaseError: HTTP Error: 403, The caller does not have permission
    at responseToError (C:\Users\DELL\AppData\Roaming\nvm\v20.1.0\node_modules\firebase-tools\lib\responseToError.js:49:12)
    at RetryOperation._fn (C:\Users\DELL\AppData\Roaming\nvm\v20.1.0\node_modules\firebase-tools\lib\apiv2.js:288:77)
    at process.processTicksAndRejections (node:internal/process/task_queues:95:5)
[error] 
[error] Error: Failed to add Firebase to Google Cloud Platform project. See firebase-debug.log for more info.
[debug] [2023-05-07T09:42:41.238Z] ----------------------------------------------------------------------
[debug] [2023-05-07T09:42:41.249Z] Command:       C:\Program Files\nodejs\node.exe C:\Program Files\nodejs\node_modules\firebase-tools\lib\bin\firebase.js init
[debug] [2023-05-07T09:42:41.251Z] CLI Version:   11.30.0
[debug] [2023-05-07T09:42:41.251Z] Platform:      win32
[debug] [2023-05-07T09:42:41.251Z] Node Version:  v20.1.0
[debug] [2023-05-07T09:42:41.252Z] Time:          Sun May 07 2023 15:12:41 GMT+0530 (India Standard Time)
[debug] [2023-05-07T09:42:41.252Z] ----------------------------------------------------------------------
[debug] 
[debug] [2023-05-07T09:42:41.282Z] > command requires scopes: ["email","openid","https://www.googleapis.com/auth/cloudplatformprojects.readonly","https://www.googleapis.com/auth/firebase","https://www.googleapis.com/auth/cloud-platform"]
[debug] [2023-05-07T09:42:41.283Z] > authorizing via signed-in user (sjha82711@gmail.com)
[info] 
     ######## #### ########  ######## ########     ###     ######  ########
     ##        ##  ##     ## ##       ##     ##  ##   ##  ##       ##
     ######    ##  ########  ######   ########  #########  ######  ######
     ##        ##  ##    ##  ##       ##     ## ##     ##       ## ##
     ##       #### ##     ## ######## ########  ##     ##  ######  ########

You're about to initialize a Firebase project in this directory:

  C:\Users\DELL\OneDrive\Desktop\BlogPageProject

[info] 
=== Project Setup
[info] 
[info] First, let's associate this project directory with a Firebase project.
[info] You can create multiple project aliases by running firebase use --add, 
[info] but for now we'll just set up a default project.
[info] 
[debug] [2023-05-07T09:43:14.731Z] > refreshing access token with scopes: []
[debug] [2023-05-07T09:43:14.735Z] >>> [apiv2][query] POST https://www.googleapis.com/oauth2/v3/token [none]
[debug] [2023-05-07T09:43:14.735Z] >>> [apiv2][body] POST https://www.googleapis.com/oauth2/v3/token [omitted]
[debug] [2023-05-07T09:43:15.150Z] <<< [apiv2][status] POST https://www.googleapis.com/oauth2/v3/token 200
[debug] [2023-05-07T09:43:15.150Z] <<< [apiv2][body] POST https://www.googleapis.com/oauth2/v3/token [omitted]
[debug] [2023-05-07T09:43:15.203Z] >>> [apiv2][query] GET https://firebase.googleapis.com/v1beta1/availableProjects pageSize=100
[debug] [2023-05-07T09:43:16.421Z] <<< [apiv2][status] GET https://firebase.googleapis.com/v1beta1/availableProjects 200
[debug] [2023-05-07T09:43:16.421Z] <<< [apiv2][body] GET https://firebase.googleapis.com/v1beta1/availableProjects [omitted]
[debug] [2023-05-07T09:43:26.876Z] >>> [apiv2][query] POST https://firebase.googleapis.com/v1beta1/projects/sahil-blogtailwind444:addFirebase [none]
[debug] [2023-05-07T09:43:27.533Z] <<< [apiv2][status] POST https://firebase.googleapis.com/v1beta1/projects/sahil-blogtailwind444:addFirebase 403
[debug] [2023-05-07T09:43:27.534Z] <<< [apiv2][body] POST https://firebase.googleapis.com/v1beta1/projects/sahil-blogtailwind444:addFirebase {"error":{"code":403,"message":"The caller does not have permission","status":"PERMISSION_DENIED"}}
[debug] [2023-05-07T09:43:27.537Z] HTTP Error: 403, The caller does not have permission
[debug] [2023-05-07T09:43:27.853Z] FirebaseError: HTTP Error: 403, The caller does not have permission
    at responseToError (C:\Users\DELL\AppData\Roaming\nvm\v20.1.0\node_modules\firebase-tools\lib\responseToError.js:49:12)
    at RetryOperation._fn (C:\Users\DELL\AppData\Roaming\nvm\v20.1.0\node_modules\firebase-tools\lib\apiv2.js:288:77)
    at process.processTicksAndRejections (node:internal/process/task_queues:95:5)
[error] 
[error] Error: Failed to add Firebase to Google Cloud Platform project. See firebase-debug.log for more info.
[debug] [2023-05-07T09:43:36.679Z] ----------------------------------------------------------------------
[debug] [2023-05-07T09:43:36.685Z] Command:       C:\Program Files\nodejs\node.exe C:\Program Files\nodejs\node_modules\firebase-tools\lib\bin\firebase.js init
[debug] [2023-05-07T09:43:36.686Z] CLI Version:   11.30.0
[debug] [2023-05-07T09:43:36.686Z] Platform:      win32
[debug] [2023-05-07T09:43:36.686Z] Node Version:  v20.1.0
[debug] [2023-05-07T09:43:36.686Z] Time:          Sun May 07 2023 15:13:36 GMT+0530 (India Standard Time)
[debug] [2023-05-07T09:43:36.687Z] ----------------------------------------------------------------------
[debug] 
[debug] [2023-05-07T09:43:36.705Z] > command requires scopes: ["email","openid","https://www.googleapis.com/auth/cloudplatformprojects.readonly","https://www.googleapis.com/auth/firebase","https://www.googleapis.com/auth/cloud-platform"]
[debug] [2023-05-07T09:43:36.706Z] > authorizing via signed-in user (sjha82711@gmail.com)
[info] 
     ######## #### ########  ######## ########     ###     ######  ########
     ##        ##  ##     ## ##       ##     ##  ##   ##  ##       ##
     ######    ##  ########  ######   ########  #########  ######  ######
     ##        ##  ##    ##  ##       ##     ## ##     ##       ## ##
     ##       #### ##     ## ######## ########  ##     ##  ######  ########

You're about to initialize a Firebase project in this directory:

  C:\Users\DELL\OneDrive\Desktop\BlogPageProject

[info] 
=== Project Setup
[info] 
[info] First, let's associate this project directory with a Firebase project.
[info] You can create multiple project aliases by running firebase use --add, 
[info] but for now we'll just set up a default project.
[info] 
[info] i  If you want to create a project in a Google Cloud organization or folder, please use "firebase projects:create" instead, and return to this command when you've created the project. 
[debug] [2023-05-07T09:44:14.496Z] >>> [apiv2][query] POST https://cloudresourcemanager.googleapis.com/v1/projects [none]
[debug] [2023-05-07T09:44:14.497Z] >>> [apiv2][body] POST https://cloudresourcemanager.googleapis.com/v1/projects {"projectId":"sahil-blogtailwind","name":"sahil-blogtailwind4"}
[debug] [2023-05-07T09:44:16.331Z] <<< [apiv2][status] POST https://cloudresourcemanager.googleapis.com/v1/projects 409
[debug] [2023-05-07T09:44:16.332Z] <<< [apiv2][body] POST https://cloudresourcemanager.googleapis.com/v1/projects {"error":{"code":409,"message":"Requested entity already exists","status":"ALREADY_EXISTS"}}
[debug] [2023-05-07T09:44:16.618Z] FirebaseError: HTTP Error: 409, Requested entity already exists
    at responseToError (C:\Users\DELL\AppData\Roaming\nvm\v20.1.0\node_modules\firebase-tools\lib\responseToError.js:49:12)
    at RetryOperation._fn (C:\Users\DELL\AppData\Roaming\nvm\v20.1.0\node_modules\firebase-tools\lib\apiv2.js:288:77)
    at process.processTicksAndRejections (node:internal/process/task_queues:95:5)
[error] 
[error] Error: Failed to create project because there is already a project with ID sahil-blogtailwind. Please try again with a unique project ID.
[debug] [2023-05-07T09:44:33.005Z] ----------------------------------------------------------------------
[debug] [2023-05-07T09:44:33.013Z] Command:       C:\Program Files\nodejs\node.exe C:\Program Files\nodejs\node_modules\firebase-tools\lib\bin\firebase.js init
[debug] [2023-05-07T09:44:33.014Z] CLI Version:   11.30.0
[debug] [2023-05-07T09:44:33.014Z] Platform:      win32
[debug] [2023-05-07T09:44:33.015Z] Node Version:  v20.1.0
[debug] [2023-05-07T09:44:33.015Z] Time:          Sun May 07 2023 15:14:33 GMT+0530 (India Standard Time)
[debug] [2023-05-07T09:44:33.016Z] ----------------------------------------------------------------------
[debug] 
[debug] [2023-05-07T09:44:33.038Z] > command requires scopes: ["email","openid","https://www.googleapis.com/auth/cloudplatformprojects.readonly","https://www.googleapis.com/auth/firebase","https://www.googleapis.com/auth/cloud-platform"]
[debug] [2023-05-07T09:44:33.040Z] > authorizing via signed-in user (sjha82711@gmail.com)
[info] 
     ######## #### ########  ######## ########     ###     ######  ########
     ##        ##  ##     ## ##       ##     ##  ##   ##  ##       ##
     ######    ##  ########  ######   ########  #########  ######  ######
     ##        ##  ##    ##  ##       ##     ## ##     ##       ## ##
     ##       #### ##     ## ######## ########  ##     ##  ######  ########

You're about to initialize a Firebase project in this directory:

  C:\Users\DELL\OneDrive\Desktop\BlogPageProject

[info] 
=== Project Setup
[info] 
[info] First, let's associate this project directory with a Firebase project.
[info] You can create multiple project aliases by running firebase use --add, 
[info] but for now we'll just set up a default project.
[info] 
[info] i  If you want to create a project in a Google Cloud organization or folder, please use "firebase projects:create" instead, and return to this command when you've created the project. 
[debug] [2023-05-07T09:44:50.860Z] >>> [apiv2][query] POST https://cloudresourcemanager.googleapis.com/v1/projects [none]
[debug] [2023-05-07T09:44:50.861Z] >>> [apiv2][body] POST https://cloudresourcemanager.googleapis.com/v1/projects {"projectId":" sahil-blogtailwind4","name":" sahil-blogtailwind4"}
[debug] [2023-05-07T09:44:52.804Z] <<< [apiv2][status] POST https://cloudresourcemanager.googleapis.com/v1/projects 400
[debug] [2023-05-07T09:44:52.804Z] <<< [apiv2][body] POST https://cloudresourcemanager.googleapis.com/v1/projects {"error":{"code":400,"message":"field [project_id] has issue [project_id contains invalid characters]","status":"INVALID_ARGUMENT","details":[{"@type":"type.googleapis.com/google.rpc.BadRequest","fieldViolations":[{"field":"project_id","description":"project_id contains invalid characters"}]},{"@type":"type.googleapis.com/google.rpc.Help","links":[{"url":"https://cloud.google.com/resource-manager/reference/rest/v1/projects"}]}]}}
[debug] [2023-05-07T09:44:53.070Z] FirebaseError: HTTP Error: 400, field [project_id] has issue [project_id contains invalid characters]
    at responseToError (C:\Users\DELL\AppData\Roaming\nvm\v20.1.0\node_modules\firebase-tools\lib\responseToError.js:49:12)
    at RetryOperation._fn (C:\Users\DELL\AppData\Roaming\nvm\v20.1.0\node_modules\firebase-tools\lib\apiv2.js:288:77)
    at process.processTicksAndRejections (node:internal/process/task_queues:95:5)
[error] 
[error] Error: Failed to create project. See firebase-debug.log for more info.
